[debug] [2019-08-20T04:21:23.433Z] ----------------------------------------------------------------------
[debug] [2019-08-20T04:21:23.436Z] Command:       C:\Program Files\nodejs\node.exe C:\Users\TXT\AppData\Roaming\npm\node_modules\firebase-tools\lib\bin\firebase.js serve --only hosting
[debug] [2019-08-20T04:21:23.436Z] CLI Version:   7.2.4
[debug] [2019-08-20T04:21:23.436Z] Platform:      win32
[debug] [2019-08-20T04:21:23.436Z] Node Version:  v10.16.0
[debug] [2019-08-20T04:21:23.437Z] Time:          Tue Aug 20 2019 11:21:23 GMT+0700 (GMT+07:00)
[debug] [2019-08-20T04:21:23.437Z] ----------------------------------------------------------------------
[debug] 
[debug] [2019-08-20T04:21:23.447Z] > command requires scopes: ["email","openid","https://www.googleapis.com/auth/cloudplatformprojects.readonly","https://www.googleapis.com/auth/firebase","https://www.googleapis.com/auth/cloud-platform"]
[debug] [2019-08-20T04:21:23.448Z] > authorizing via signed-in user
[debug] [2019-08-20T04:21:23.448Z] [iam] checking project food-management-b037c for permissions ["firebase.projects.get"]
[debug] [2019-08-20T04:21:23.450Z] >>> HTTP REQUEST POST https://cloudresourcemanager.googleapis.com/v1/projects/food-management-b037c:testIamPermissions  

[debug] [2019-08-20T04:21:25.268Z] <<< HTTP RESPONSE 200
[debug] [2019-08-20T04:21:25.271Z] >>> HTTP REQUEST GET https://firebase.googleapis.com/v1beta1/projects/food-management-b037c  
 
[debug] [2019-08-20T04:21:25.997Z] <<< HTTP RESPONSE 200
[debug] [2019-08-20T04:21:25.999Z] >>> HTTP REQUEST GET https://firebase.googleapis.com/v1beta1/projects/food-management-b037c/webApps/-/config  
 
[debug] [2019-08-20T04:21:26.565Z] <<< HTTP RESPONSE 200
[info] i  hosting: Serving hosting files from: public
[info] +  hosting: Local server: http://localhost:5000
[debug] [2019-08-20T04:22:45.999Z] ----------------------------------------------------------------------
[debug] [2019-08-20T04:22:46.002Z] Command:       C:\Program Files\nodejs\node.exe C:\Users\TXT\AppData\Roaming\npm\node_modules\firebase-tools\lib\bin\firebase.js serve
[debug] [2019-08-20T04:22:46.002Z] CLI Version:   7.2.4
[debug] [2019-08-20T04:22:46.002Z] Platform:      win32
[debug] [2019-08-20T04:22:46.002Z] Node Version:  v10.16.0
[debug] [2019-08-20T04:22:46.003Z] Time:          Tue Aug 20 2019 11:22:46 GMT+0700 (GMT+07:00)
[debug] [2019-08-20T04:22:46.003Z] ----------------------------------------------------------------------
[debug] 
[debug] [2019-08-20T04:22:46.013Z] > command requires scopes: ["email","openid","https://www.googleapis.com/auth/cloudplatformprojects.readonly","https://www.googleapis.com/auth/firebase","https://www.googleapis.com/auth/cloud-platform"]
[debug] [2019-08-20T04:22:46.014Z] > authorizing via signed-in user
[debug] [2019-08-20T04:22:46.014Z] [iam] checking project food-management-b037c for permissions ["firebase.projects.get"]
[debug] [2019-08-20T04:22:46.016Z] >>> HTTP REQUEST POST https://cloudresourcemanager.googleapis.com/v1/projects/food-management-b037c:testIamPermissions  

[debug] [2019-08-20T04:22:46.656Z] <<< HTTP RESPONSE 200
[debug] [2019-08-20T04:22:46.660Z] >>> HTTP REQUEST GET https://firebase.googleapis.com/v1beta1/projects/food-management-b037c  
 
[debug] [2019-08-20T04:22:47.308Z] <<< HTTP RESPONSE 200
[info] 
[info] === Serving from 'C:\Users\TXT\Desktop\food-management'...
[info] 
[debug] [2019-08-20T04:22:47.313Z] >>> HTTP REQUEST GET https://firebase.googleapis.com/v1beta1/projects/food-management-b037c/webApps/-/config  
 
[warn] !  Your requested "node" version "8" doesn't match your global version "10"
[info] +  functions: Emulator started at http://localhost:5001
[debug] [2019-08-20T04:22:47.992Z] <<< HTTP RESPONSE 200
[info] i  functions: Watching "C:\Users\TXT\Desktop\food-management\functions" for Cloud Functions...
[info] i  hosting: Serving hosting files from: public
[info] +  hosting: Local server: http://localhost:5000
[debug] [2019-08-20T04:22:48.617Z] [runtime-status] Functions runtime initialized. {"cwd":"C:\\Users\\TXT\\Desktop\\food-management\\functions","node_version":"10.16.0"}
[debug] [2019-08-20T04:22:48.617Z] [runtime-status] Disabled runtime features: {"functions_config_helper":true,"network_filtering":true,"timeout":true,"memory_limiting":true,"admin_stubs":true} {}
[debug] [2019-08-20T04:22:48.623Z] [runtime-status] Resolved module firebase-admin {"declared":true,"installed":true,"version":"8.3.0","resolution":"C:\\Users\\TXT\\Desktop\\food-management\\functions\\node_modules\\firebase-admin\\lib\\index.js"}
[debug] [2019-08-20T04:22:48.626Z] [runtime-status] Resolved module firebase-functions {"declared":true,"installed":true,"version":"3.2.0","resolution":"C:\\Users\\TXT\\Desktop\\food-management\\functions\\node_modules\\firebase-functions\\lib\\index.js"}
[debug] [2019-08-20T04:22:48.627Z] [runtime-status] Resolved module firebase-functions {"declared":true,"installed":true,"version":"3.2.0","resolution":"C:\\Users\\TXT\\Desktop\\food-management\\functions\\node_modules\\firebase-functions\\lib\\index.js"}
